[debug] [2023-09-26T19:45:16.237Z] ----------------------------------------------------------------------
[debug] [2023-09-26T19:45:16.240Z] Command:       /usr/local/share/nvm/versions/node/v20.6.1/bin/node /home/codespace/nvm/current/bin/firebase init
[debug] [2023-09-26T19:45:16.240Z] CLI Version:   12.5.4
[debug] [2023-09-26T19:45:16.240Z] Platform:      linux
[debug] [2023-09-26T19:45:16.240Z] Node Version:  v20.6.1
[debug] [2023-09-26T19:45:16.240Z] Time:          Tue Sep 26 2023 19:45:16 GMT+0000 (Coordinated Universal Time)
[debug] [2023-09-26T19:45:16.240Z] Env Overrides: GITHUB_API_URL
[debug] [2023-09-26T19:45:16.241Z] ----------------------------------------------------------------------
[debug] 
[debug] [2023-09-26T19:45:16.246Z] > command requires scopes: ["email","openid","https://www.googleapis.com/auth/cloudplatformprojects.readonly","https://www.googleapis.com/auth/firebase","https://www.googleapis.com/auth/cloud-platform"]
[debug] [2023-09-26T19:45:16.247Z] > authorizing via signed-in user (chhabraa@csp.edu)
[info] 
     ######## #### ########  ######## ########     ###     ######  ########
     ##        ##  ##     ## ##       ##     ##  ##   ##  ##       ##
     ######    ##  ########  ######   ########  #########  ######  ######
     ##        ##  ##    ##  ##       ##     ## ##     ##       ## ##
     ##       #### ##     ## ######## ########  ##     ##  ######  ########

You're about to initialize a Firebase project in this directory:

  /workspaces/live

Before we get started, keep in mind:

  * You are currently outside your home directory

[info] 
=== Project Setup
[info] 
[info] First, let's associate this project directory with a Firebase project.
[info] You can create multiple project aliases by running firebase use --add, 
[info] but for now we'll just set up a default project.
[info] 
[debug] [2023-09-26T19:45:48.626Z] >>> [apiv2][query] GET https://firebase.googleapis.com/v1beta1/projects pageSize=100
[debug] [2023-09-26T19:45:49.043Z] <<< [apiv2][status] GET https://firebase.googleapis.com/v1beta1/projects 200
[debug] [2023-09-26T19:45:49.043Z] <<< [apiv2][body] GET https://firebase.googleapis.com/v1beta1/projects [omitted]
[info] i  Using project live-1f1d7 (live) 
[info] 
=== Database Setup
[info] i  database: ensuring required API firebasedatabase.googleapis.com is enabled... 
[debug] [2023-09-26T19:45:53.724Z] >>> [apiv2][query] GET https://serviceusage.googleapis.com/v1/projects/live-1f1d7/services/firebasedatabase.googleapis.com [none]
[debug] [2023-09-26T19:45:53.724Z] >>> [apiv2][(partial)header] GET https://serviceusage.googleapis.com/v1/projects/live-1f1d7/services/firebasedatabase.googleapis.com x-goog-quota-user=projects/live-1f1d7
[debug] [2023-09-26T19:45:54.049Z] <<< [apiv2][status] GET https://serviceusage.googleapis.com/v1/projects/live-1f1d7/services/firebasedatabase.googleapis.com 200
[debug] [2023-09-26T19:45:54.049Z] <<< [apiv2][body] GET https://serviceusage.googleapis.com/v1/projects/live-1f1d7/services/firebasedatabase.googleapis.com [omitted]
[info] ✔  database: required API firebasedatabase.googleapis.com is enabled 
[info] 
[debug] [2023-09-26T19:45:54.050Z] >>> [apiv2][query] GET https://firebasedatabase.googleapis.com/v1beta/projects/live-1f1d7/locations/-/instances/live-1f1d7-default-rtdb [none]
[debug] [2023-09-26T19:45:54.309Z] <<< [apiv2][status] GET https://firebasedatabase.googleapis.com/v1beta/projects/live-1f1d7/locations/-/instances/live-1f1d7-default-rtdb 200
[debug] [2023-09-26T19:45:54.309Z] <<< [apiv2][body] GET https://firebasedatabase.googleapis.com/v1beta/projects/live-1f1d7/locations/-/instances/live-1f1d7-default-rtdb {"name":"projects/85413265472/locations/us-central1/instances/live-1f1d7-default-rtdb","project":"projects/85413265472","databaseUrl":"https://live-1f1d7-default-rtdb.firebaseio.com","type":"DEFAULT_DATABASE","state":"ACTIVE"}
[info] 
[info] Firebase Realtime Database Security Rules allow you to define how your data should be
[info] structured and when your data can be read from and written to.
[info] 
[debug] [2023-09-26T19:46:03.584Z] >>> [apiv2][query] GET https://live-1f1d7-default-rtdb.firebaseio.com/.settings/rules.json [none]
[debug] [2023-09-26T19:46:03.684Z] <<< [apiv2][status] GET https://live-1f1d7-default-rtdb.firebaseio.com/.settings/rules.json 200
[debug] [2023-09-26T19:46:03.684Z] <<< [apiv2][body] GET https://live-1f1d7-default-rtdb.firebaseio.com/.settings/rules.json [stream]
[info] ✔  Database Rules for live-1f1d7-default-rtdb have been written to database.rules.json. 
[info] Future modifications to database.rules.json will update Realtime Database Security Rules when you run
[info] firebase deploy.
[info] 
=== Hosting Setup
[info] 
[info] Your public directory is the folder (relative to your project directory) that
[info] will contain Hosting assets to be uploaded with firebase deploy. If you
[info] have a build process for your assets, use your build's output directory.
[info] 
[debug] [2023-09-26T19:46:21.695Z] >>> [apiv2][query] GET https://www.gstatic.com/firebasejs/releases.json [none]
[debug] [2023-09-26T19:46:21.862Z] <<< [apiv2][status] GET https://www.gstatic.com/firebasejs/releases.json 200
[debug] [2023-09-26T19:46:21.862Z] <<< [apiv2][body] GET https://www.gstatic.com/firebasejs/releases.json {"current":{"version":"10.4.0","browserURL":"https://www.gstatic.com/firebasejs/10.4.0/firebase.js","packageURL":"https://www.gstatic.com/firebasejs/10.4.0/firebase.tgz"},"live":{"version":"10.4","browserURL":"https://www.gstatic.com/firebasejs/live/10.4/firebase.js","packageURL":"https://www.gstatic.com/firebasejs/live/10.4/firebase.tgz"},"components":{"analytics":"https://www.gstatic.com/firebasejs/10.4.0/firebase-analytics.js","app":"https://www.gstatic.com/firebasejs/10.4.0/firebase-app.js","app-check":"https://www.gstatic.com/firebasejs/10.4.0/firebase-app-check.js","auth":"https://www.gstatic.com/firebasejs/10.4.0/firebase-auth.js","auth/cordova":"https://www.gstatic.com/firebasejs/10.4.0/firebase-auth/cordova.js","functions":"https://www.gstatic.com/firebasejs/10.4.0/firebase-functions.js","firestore":"https://www.gstatic.com/firebasejs/10.4.0/firebase-firestore.js","firestore/lite":"https://www.gstatic.com/firebasejs/10.4.0/firebase-firestore/lite.js","installations":"https://www.gstatic.com/firebasejs/10.4.0/firebase-installations.js","storage":"https://www.gstatic.com/firebasejs/10.4.0/firebase-storage.js","performance":"https://www.gstatic.com/firebasejs/10.4.0/firebase-performance.js","remote-config":"https://www.gstatic.com/firebasejs/10.4.0/firebase-remote-config.js","messaging":"https://www.gstatic.com/firebasejs/10.4.0/firebase-messaging.js","messaging/sw":"https://www.gstatic.com/firebasejs/10.4.0/firebase-messaging/sw.js","database":"https://www.gstatic.com/firebasejs/10.4.0/firebase-database.js","firestore.memory":"https://www.gstatic.com/firebasejs/10.4.0/firebase-firestore.memory.js"}}
[info] ✔  Wrote public/index.html 
[info] 
[info] i  Detected a .git folder at /workspaces/live 
[info] i  Authorizing with GitHub to upload your service account to a GitHub repository's secrets store. 
[info] 
[info] Visit this URL on this device to log in:
[info] https://github.com/login/oauth/authorize?client_id=89cf50f02ac6aaed3484&state=423927622&redirect_uri=http%3A%2F%2Flocalhost%3A9005&scope=read%3Auser%20repo%20public_repo
[info] 
[info] Waiting for authentication...
